<?xml version="1.0" encoding="UTF-8"?>
<!-- Generated by org.testng.reporters.JUnitReportReporter -->
<testsuite ignored="1" hostname="INLEN8520087180" failures="0" tests="1" name="com.app.tests.MyntraTest" time="61.428" errors="0" timestamp="10 Jan 2023 08:33:16 GMT" skipped="0">
  <testcase classname="com.app.tests.MyntraTest" name="cart" time="61.428"/>
  <testcase classname="com.app.tests.MyntraTest" name="Launchandverify">
    <skipped/>
  </testcase> <!-- Launchandverify -->
</testsuite> <!-- com.app.tests.MyntraTest -->
